<?xml version="1.0" encoding="UTF-8"?>
<!-- Generated by org.testng.reporters.JUnitReportReporter -->
<testsuite skipped="0" hostname="DESKTOP-E0A3S66" name="com.qa.tests.SampleTest" tests="1" failures="0" timestamp="2021-06-18T03:18:51 CEST" time="5.156" errors="0">
  <testcase name="testMobAppShopping" time="5.156" classname="com.qa.tests.SampleTest"/>
  <system-out/>
</testsuite> <!-- com.qa.tests.SampleTest -->
