<?xml version="1.0" encoding="UTF-8"?>
<!-- Generated by org.testng.reporters.JUnitReportReporter -->
<testsuite hostname="DESKTOP-E0A3S66" failures="0" tests="1" name="com.qa.tests.SampleTest" time="5.111" errors="0" timestamp="2021-06-18T05:58:01 CEST" skipped="0">
  <testcase classname="com.qa.tests.SampleTest" name="testMobAppShopping" time="5.111"/>
  <system-out/>
</testsuite> <!-- com.qa.tests.SampleTest -->
