<?xml version="1.0" encoding="UTF-8"?>
<!-- Generated by org.testng.reporters.JUnitReportReporter -->
<testsuite hostname="DESKTOP-E0A3S66" failures="0" tests="1" name="ShoppingApp.base.BaseClass" time="0.808" errors="0" timestamp="2021-06-14T14:32:37 CEST" skipped="0">
  <testcase classname="ShoppingApp.base.BaseClass" name="sampleTest" time="0.808"/>
  <system-out/>
</testsuite> <!-- ShoppingApp.base.BaseClass -->
