<?xml version="1.0" encoding="UTF-8"?>
<!-- Generated by org.testng.reporters.JUnitReportReporter -->
<testsuite hostname="DESKTOP-E0A3S66" failures="0" tests="1" name="com.shoppingApp.tests.SampleTest" time="5.119" errors="0" timestamp="2021-06-16T17:27:59 CEST" skipped="0">
  <testcase classname="com.shoppingApp.tests.SampleTest" name="testMobAppShopping" time="5.119"/>
  <system-out/>
</testsuite> <!-- com.shoppingApp.tests.SampleTest -->
