<?xml version="1.0" encoding="UTF-8"?>
<!-- Generated by org.testng.reporters.JUnitReportReporter -->
<testsuite hostname="DESKTOP-E0A3S66" failures="0" tests="1" name="com.shoppingApp.base.BaseClass" time="0.006" errors="0" timestamp="2021-06-15T11:51:43 CEST" skipped="0">
  <testcase classname="com.shoppingApp.base.BaseClass" name="sampleTest" time="0.006"/>
  <system-out/>
</testsuite> <!-- com.shoppingApp.base.BaseClass -->
